<?xml version="1.0" encoding="UTF-8"?>
<testsuite xmlns:xsi="http://www.w3.org/2001/XMLSchema-instance" xsi:noNamespaceSchemaLocation="https://maven.apache.org/surefire/maven-surefire-plugin/xsd/surefire-test-report-3.0.xsd" version="3.0" name="org.acme.spring.data.jpa.EmployeeResourceTest" time="27.05" tests="1" errors="1" skipped="0" failures="0">
  <properties>
    <property name="java.specification.version" value="16"/>
    <property name="sun.cpu.isalist" value="amd64"/>
    <property name="sun.jnu.encoding" value="Cp1252"/>
    <property name="java.class.path" value="D:\Narottam\Quarkus\QuarkusApplications\quarkus-jpa-application\target\test-classes;D:\Narottam\Quarkus\QuarkusApplications\quarkus-jpa-application\target\classes;C:\Users\narottams\.m2\repository\io\quarkus\quarkus-spring-data-jpa\2.2.3.Final\quarkus-spring-data-jpa-2.2.3.Final.jar;C:\Users\narottams\.m2\repository\io\quarkus\quarkus-hibernate-orm-panache\2.2.3.Final\quarkus-hibernate-orm-panache-2.2.3.Final.jar;C:\Users\narottams\.m2\repository\io\quarkus\quarkus-hibernate-orm\2.2.3.Final\quarkus-hibernate-orm-2.2.3.Final.jar;C:\Users\narottams\.m2\repository\io\quarkus\quarkus-agroal\2.2.3.Final\quarkus-agroal-2.2.3.Final.jar;C:\Users\narottams\.m2\repository\io\quarkus\quarkus-datasource\2.2.3.Final\quarkus-datasource-2.2.3.Final.jar;C:\Users\narottams\.m2\repository\io\quarkus\quarkus-datasource-common\2.2.3.Final\quarkus-datasource-common-2.2.3.Final.jar;C:\Users\narottams\.m2\repository\org\jboss\narayana\jta\narayana-jta\5.12.0.Final\narayana-jta-5.12.0.Final.jar;C:\Users\narottams\.m2\repository\org\jboss\jboss-transaction-spi\7.6.0.Final\jboss-transaction-spi-7.6.0.Final.jar;C:\Users\narottams\.m2\repository\org\jboss\spec\javax\resource\jboss-connector-api_1.7_spec\1.0.0.Final\jboss-connector-api_1.7_spec-1.0.0.Final.jar;C:\Users\narottams\.m2\repository\org\jboss\narayana\jts\narayana-jts-integration\5.12.0.Final\narayana-jts-integration-5.12.0.Final.jar;C:\Users\narottams\.m2\repository\io\agroal\agroal-api\1.12\agroal-api-1.12.jar;C:\Users\narottams\.m2\repository\io\agroal\agroal-narayana\1.12\agroal-narayana-1.12.jar;C:\Users\narottams\.m2\repository\io\agroal\agroal-pool\1.12\agroal-pool-1.12.jar;C:\Users\narottams\.m2\repository\io\quarkus\quarkus-credentials\2.2.3.Final\quarkus-credentials-2.2.3.Final.jar;C:\Users\narottams\.m2\repository\io\quarkus\quarkus-narayana-jta\2.2.3.Final\quarkus-narayana-jta-2.2.3.Final.jar;C:\Users\narottams\.m2\repository\io\smallrye\smallrye-context-propagation-jta\1.2.0\smallrye-context-propagation-jta-1.2.0.jar;C:\Users\narottams\.m2\repository\io\smallrye\reactive\smallrye-reactive-converter-api\2.6.0\smallrye-reactive-converter-api-2.6.0.jar;C:\Users\narottams\.m2\repository\org\reactivestreams\reactive-streams\1.0.3\reactive-streams-1.0.3.jar;C:\Users\narottams\.m2\repository\io\smallrye\reactive\smallrye-reactive-converter-mutiny\2.6.0\smallrye-reactive-converter-mutiny-2.6.0.jar;C:\Users\narottams\.m2\repository\org\hibernate\hibernate-core\5.5.7.Final\hibernate-core-5.5.7.Final.jar;C:\Users\narottams\.m2\repository\net\bytebuddy\byte-buddy\1.11.12\byte-buddy-1.11.12.jar;C:\Users\narottams\.m2\repository\antlr\antlr\2.7.7\antlr-2.7.7.jar;C:\Users\narottams\.m2\repository\com\fasterxml\classmate\1.5.1\classmate-1.5.1.jar;C:\Users\narottams\.m2\repository\org\hibernate\common\hibernate-commons-annotations\5.1.2.Final\hibernate-commons-annotations-5.1.2.Final.jar;C:\Users\narottams\.m2\repository\org\hibernate\hibernate-graalvm\5.5.7.Final\hibernate-graalvm-5.5.7.Final.jar;C:\Users\narottams\.m2\repository\org\glassfish\jaxb\jaxb-runtime\2.3.3-b02\jaxb-runtime-2.3.3-b02.jar;C:\Users\narottams\.m2\repository\org\glassfish\jaxb\txw2\2.3.3-b02\txw2-2.3.3-b02.jar;C:\Users\narottams\.m2\repository\com\sun\istack\istack-commons-runtime\3.0.10\istack-commons-runtime-3.0.10.jar;C:\Users\narottams\.m2\repository\com\sun\activation\jakarta.activation\1.2.1\jakarta.activation-1.2.1.jar;C:\Users\narottams\.m2\repository\jakarta\persistence\jakarta.persistence-api\2.2.3\jakarta.persistence-api-2.2.3.jar;C:\Users\narottams\.m2\repository\jakarta\transaction\jakarta.transaction-api\1.3.3\jakarta.transaction-api-1.3.3.jar;C:\Users\narottams\.m2\repository\org\hibernate\quarkus-local-cache\0.1.0\quarkus-local-cache-0.1.0.jar;C:\Users\narottams\.m2\repository\com\github\ben-manes\caffeine\caffeine\2.9.2\caffeine-2.9.2.jar;C:\Users\narottams\.m2\repository\com\google\errorprone\error_prone_annotations\2.2.0\error_prone_annotations-2.2.0.jar;C:\Users\narottams\.m2\repository\io\quarkus\quarkus-caffeine\2.2.3.Final\quarkus-caffeine-2.2.3.Final.jar;C:\Users\narottams\.m2\repository\io\quarkus\quarkus-hibernate-orm-panache-common\2.2.3.Final\quarkus-hibernate-orm-panache-common-2.2.3.Final.jar;C:\Users\narottams\.m2\repository\io\quarkus\quarkus-panache-hibernate-common\2.2.3.Final\quarkus-panache-hibernate-common-2.2.3.Final.jar;C:\Users\narottams\.m2\repository\io\quarkus\quarkus-panache-common\2.2.3.Final\quarkus-panache-common-2.2.3.Final.jar;C:\Users\narottams\.m2\repository\io\quarkus\quarkus-spring-data-jpa-api\2.1.SP2\quarkus-spring-data-jpa-api-2.1.SP2.jar;C:\Users\narottams\.m2\repository\io\quarkus\quarkus-spring-di\2.2.3.Final\quarkus-spring-di-2.2.3.Final.jar;C:\Users\narottams\.m2\repository\io\quarkus\quarkus-spring-beans-api\5.2.SP4\quarkus-spring-beans-api-5.2.SP4.jar;C:\Users\narottams\.m2\repository\io\quarkus\quarkus-spring-data-commons-api\2.1.SP2\quarkus-spring-data-commons-api-2.1.SP2.jar;C:\Users\narottams\.m2\repository\io\quarkus\quarkus-spring-context-api\5.2.SP4\quarkus-spring-context-api-5.2.SP4.jar;C:\Users\narottams\.m2\repository\io\quarkus\quarkus-spring-core-api\5.2.SP4\quarkus-spring-core-api-5.2.SP4.jar;C:\Users\narottams\.m2\repository\io\quarkus\quarkus-spring-boot-orm-api\2.1.SP1\quarkus-spring-boot-orm-api-2.1.SP1.jar;C:\Users\narottams\.m2\repository\io\quarkus\quarkus-jdbc-h2\2.3.0.Final\quarkus-jdbc-h2-2.3.0.Final.jar;C:\Users\narottams\.m2\repository\io\quarkus\quarkus-arc\2.2.3.Final\quarkus-arc-2.2.3.Final.jar;C:\Users\narottams\.m2\repository\io\quarkus\arc\arc\2.2.3.Final\arc-2.2.3.Final.jar;C:\Users\narottams\.m2\repository\org\eclipse\microprofile\context-propagation\microprofile-context-propagation-api\1.2\microprofile-context-propagation-api-1.2.jar;C:\Users\narottams\.m2\repository\com\h2database\h2\1.4.197\h2-1.4.197.jar;C:\Users\narottams\.m2\repository\org\locationtech\jts\jts-core\1.15.0\jts-core-1.15.0.jar;C:\Users\narottams\.m2\repository\io\quarkus\quarkus-resteasy-jackson\2.2.3.Final\quarkus-resteasy-jackson-2.2.3.Final.jar;C:\Users\narottams\.m2\repository\io\quarkus\quarkus-resteasy\2.2.3.Final\quarkus-resteasy-2.2.3.Final.jar;C:\Users\narottams\.m2\repository\io\quarkus\quarkus-vertx-http\2.2.3.Final\quarkus-vertx-http-2.2.3.Final.jar;C:\Users\narottams\.m2\repository\io\quarkus\quarkus-security-runtime-spi\2.2.3.Final\quarkus-security-runtime-spi-2.2.3.Final.jar;C:\Users\narottams\.m2\repository\io\quarkus\quarkus-mutiny\2.2.3.Final\quarkus-mutiny-2.2.3.Final.jar;C:\Users\narottams\.m2\repository\io\smallrye\reactive\mutiny\1.0.0\mutiny-1.0.0.jar;C:\Users\narottams\.m2\repository\io\quarkus\quarkus-smallrye-context-propagation\2.2.3.Final\quarkus-smallrye-context-propagation-2.2.3.Final.jar;C:\Users\narottams\.m2\repository\io\smallrye\smallrye-context-propagation\1.2.0\smallrye-context-propagation-1.2.0.jar;C:\Users\narottams\.m2\repository\io\smallrye\smallrye-context-propagation-api\1.2.0\smallrye-context-propagation-api-1.2.0.jar;C:\Users\narottams\.m2\repository\io\smallrye\smallrye-context-propagation-storage\1.2.0\smallrye-context-propagation-storage-1.2.0.jar;C:\Users\narottams\.m2\repository\io\smallrye\reactive\mutiny-smallrye-context-propagation\1.0.0\mutiny-smallrye-context-propagation-1.0.0.jar;C:\Users\narottams\.m2\repository\io\quarkus\quarkus-vertx-http-dev-console-runtime-spi\2.2.3.Final\quarkus-vertx-http-dev-console-runtime-spi-2.2.3.Final.jar;C:\Users\narottams\.m2\repository\io\quarkus\security\quarkus-security\1.1.4.Final\quarkus-security-1.1.4.Final.jar;C:\Users\narottams\.m2\repository\io\quarkus\quarkus-vertx-core\2.2.3.Final\quarkus-vertx-core-2.2.3.Final.jar;C:\Users\narottams\.m2\repository\io\quarkus\quarkus-netty\2.2.3.Final\quarkus-netty-2.2.3.Final.jar;C:\Users\narottams\.m2\repository\io\netty\netty-codec\4.1.67.Final\netty-codec-4.1.67.Final.jar;C:\Users\narottams\.m2\repository\io\netty\netty-codec-http\4.1.67.Final\netty-codec-http-4.1.67.Final.jar;C:\Users\narottams\.m2\repository\io\netty\netty-codec-http2\4.1.67.Final\netty-codec-http2-4.1.67.Final.jar;C:\Users\narottams\.m2\repository\io\netty\netty-handler\4.1.67.Final\netty-handler-4.1.67.Final.jar;C:\Users\narottams\.m2\repository\io\netty\netty-codec-haproxy\4.1.67.Final\netty-codec-haproxy-4.1.67.Final.jar;C:\Users\narottams\.m2\repository\io\netty\netty-buffer\4.1.67.Final\netty-buffer-4.1.67.Final.jar;C:\Users\narottams\.m2\repository\io\netty\netty-transport\4.1.67.Final\netty-transport-4.1.67.Final.jar;C:\Users\narottams\.m2\repository\io\vertx\vertx-core\4.1.3\vertx-core-4.1.3.jar;C:\Users\narottams\.m2\repository\io\netty\netty-common\4.1.67.Final\netty-common-4.1.67.Final.jar;C:\Users\narottams\.m2\repository\io\netty\netty-handler-proxy\4.1.67.Final\netty-handler-proxy-4.1.67.Final.jar;C:\Users\narottams\.m2\repository\io\netty\netty-codec-socks\4.1.67.Final\netty-codec-socks-4.1.67.Final.jar;C:\Users\narottams\.m2\repository\io\netty\netty-resolver\4.1.67.Final\netty-resolver-4.1.67.Final.jar;C:\Users\narottams\.m2\repository\io\netty\netty-resolver-dns\4.1.67.Final\netty-resolver-dns-4.1.67.Final.jar;C:\Users\narottams\.m2\repository\io\netty\netty-codec-dns\4.1.67.Final\netty-codec-dns-4.1.67.Final.jar;C:\Users\narottams\.m2\repository\io\vertx\vertx-web\4.1.3\vertx-web-4.1.3.jar;C:\Users\narottams\.m2\repository\io\vertx\vertx-web-common\4.1.3\vertx-web-common-4.1.3.jar;C:\Users\narottams\.m2\repository\io\vertx\vertx-auth-common\4.1.3\vertx-auth-common-4.1.3.jar;C:\Users\narottams\.m2\repository\io\vertx\vertx-bridge-common\4.1.3\vertx-bridge-common-4.1.3.jar;C:\Users\narottams\.m2\repository\io\quarkus\quarkus-resteasy-server-common\2.2.3.Final\quarkus-resteasy-server-common-2.2.3.Final.jar;C:\Users\narottams\.m2\repository\io\quarkus\quarkus-resteasy-common\2.2.3.Final\quarkus-resteasy-common-2.2.3.Final.jar;C:\Users\narottams\.m2\repository\org\jboss\resteasy\resteasy-core\4.7.0.Final\resteasy-core-4.7.0.Final.jar;C:\Users\narottams\.m2\repository\org\jboss\spec\javax\ws\rs\jboss-jaxrs-api_2.1_spec\2.0.1.Final\jboss-jaxrs-api_2.1_spec-2.0.1.Final.jar;C:\Users\narottams\.m2\repository\org\jboss\resteasy\resteasy-core-spi\4.7.0.Final\resteasy-core-spi-4.7.0.Final.jar;C:\Users\narottams\.m2\repository\com\ibm\async\asyncutil\0.1.0\asyncutil-0.1.0.jar;C:\Users\narottams\.m2\repository\jakarta\validation\jakarta.validation-api\2.0.2\jakarta.validation-api-2.0.2.jar;C:\Users\narottams\.m2\repository\io\quarkus\quarkus-jackson\2.2.3.Final\quarkus-jackson-2.2.3.Final.jar;C:\Users\narottams\.m2\repository\com\fasterxml\jackson\core\jackson-databind\2.12.4\jackson-databind-2.12.4.jar;C:\Users\narottams\.m2\repository\com\fasterxml\jackson\datatype\jackson-datatype-jsr310\2.12.4\jackson-datatype-jsr310-2.12.4.jar;C:\Users\narottams\.m2\repository\com\fasterxml\jackson\datatype\jackson-datatype-jdk8\2.12.4\jackson-datatype-jdk8-2.12.4.jar;C:\Users\narottams\.m2\repository\com\fasterxml\jackson\module\jackson-module-parameter-names\2.12.4\jackson-module-parameter-names-2.12.4.jar;C:\Users\narottams\.m2\repository\org\jboss\resteasy\resteasy-jackson2-provider\4.7.0.Final\resteasy-jackson2-provider-4.7.0.Final.jar;C:\Users\narottams\.m2\repository\com\fasterxml\jackson\core\jackson-core\2.12.4\jackson-core-2.12.4.jar;C:\Users\narottams\.m2\repository\com\fasterxml\jackson\core\jackson-annotations\2.12.4\jackson-annotations-2.12.4.jar;C:\Users\narottams\.m2\repository\com\fasterxml\jackson\jaxrs\jackson-jaxrs-json-provider\2.12.4\jackson-jaxrs-json-provider-2.12.4.jar;C:\Users\narottams\.m2\repository\com\fasterxml\jackson\jaxrs\jackson-jaxrs-base\2.12.4\jackson-jaxrs-base-2.12.4.jar;C:\Users\narottams\.m2\repository\com\fasterxml\jackson\module\jackson-module-jaxb-annotations\2.12.4\jackson-module-jaxb-annotations-2.12.4.jar;C:\Users\narottams\.m2\repository\com\github\java-json-tools\json-patch\1.13\json-patch-1.13.jar;C:\Users\narottams\.m2\repository\com\github\java-json-tools\msg-simple\1.2\msg-simple-1.2.jar;C:\Users\narottams\.m2\repository\com\github\java-json-tools\btf\1.3\btf-1.3.jar;C:\Users\narottams\.m2\repository\com\github\java-json-tools\jackson-coreutils\2.0\jackson-coreutils-2.0.jar;C:\Users\narottams\.m2\repository\org\jboss\logging\jboss-logging\3.4.2.Final\jboss-logging-3.4.2.Final.jar;C:\Users\narottams\.m2\repository\org\jboss\spec\javax\xml\bind\jboss-jaxb-api_2.3_spec\2.0.0.Final\jboss-jaxb-api_2.3_spec-2.0.0.Final.jar;C:\Users\narottams\.m2\repository\io\quarkus\quarkus-junit5\2.2.3.Final\quarkus-junit5-2.2.3.Final.jar;C:\Users\narottams\.m2\repository\io\quarkus\quarkus-bootstrap-core\2.2.3.Final\quarkus-bootstrap-core-2.2.3.Final.jar;C:\Users\narottams\.m2\repository\io\quarkus\quarkus-bootstrap-app-model\2.2.3.Final\quarkus-bootstrap-app-model-2.2.3.Final.jar;C:\Users\narottams\.m2\repository\io\quarkus\quarkus-bootstrap-maven-resolver\2.2.3.Final\quarkus-bootstrap-maven-resolver-2.2.3.Final.jar;C:\Users\narottams\.m2\repository\org\apache\maven\maven-embedder\3.8.1\maven-embedder-3.8.1.jar;C:\Users\narottams\.m2\repository\org\apache\maven\maven-settings\3.8.1\maven-settings-3.8.1.jar;C:\Users\narottams\.m2\repository\org\apache\maven\maven-core\3.8.1\maven-core-3.8.1.jar;C:\Users\narottams\.m2\repository\org\apache\maven\maven-artifact\3.8.1\maven-artifact-3.8.1.jar;C:\Users\narottams\.m2\repository\org\codehaus\plexus\plexus-component-annotations\2.1.0\plexus-component-annotations-2.1.0.jar;C:\Users\narottams\.m2\repository\org\apache\maven\maven-plugin-api\3.8.1\maven-plugin-api-3.8.1.jar;C:\Users\narottams\.m2\repository\org\apache\maven\maven-model\3.8.1\maven-model-3.8.1.jar;C:\Users\narottams\.m2\repository\org\apache\maven\maven-model-builder\3.8.1\maven-model-builder-3.8.1.jar;C:\Users\narottams\.m2\repository\org\apache\maven\maven-builder-support\3.8.1\maven-builder-support-3.8.1.jar;C:\Users\narottams\.m2\repository\org\apache\maven\resolver\maven-resolver-api\1.6.2\maven-resolver-api-1.6.2.jar;C:\Users\narottams\.m2\repository\org\apache\maven\resolver\maven-resolver-util\1.6.2\maven-resolver-util-1.6.2.jar;C:\Users\narottams\.m2\repository\org\apache\maven\shared\maven-shared-utils\3.3.3\maven-shared-utils-3.3.3.jar;C:\Users\narottams\.m2\repository\commons-io\commons-io\2.11.0\commons-io-2.11.0.jar;C:\Users\narottams\.m2\repository\com\google\inject\guice\4.2.1\guice-4.2.1-no_aop.jar;C:\Users\narottams\.m2\repository\com\google\guava\guava\30.1.1-jre\guava-30.1.1-jre.jar;C:\Users\narottams\.m2\repository\com\google\guava\failureaccess\1.0.1\failureaccess-1.0.1.jar;C:\Users\narottams\.m2\repository\com\google\guava\listenablefuture\9999.0-empty-to-avoid-conflict-with-guava\listenablefuture-9999.0-empty-to-avoid-conflict-with-guava.jar;C:\Users\narottams\.m2\repository\org\codehaus\plexus\plexus-utils\3.2.1\plexus-utils-3.2.1.jar;C:\Users\narottams\.m2\repository\org\codehaus\plexus\plexus-classworlds\2.6.0\plexus-classworlds-2.6.0.jar;C:\Users\narottams\.m2\repository\commons-cli\commons-cli\1.4\commons-cli-1.4.jar;C:\Users\narottams\.m2\repository\org\eclipse\sisu\org.eclipse.sisu.plexus\0.3.4\org.eclipse.sisu.plexus-0.3.4.jar;C:\Users\narottams\.m2\repository\org\apache\maven\maven-settings-builder\3.8.1\maven-settings-builder-3.8.1.jar;C:\Users\narottams\.m2\repository\org\codehaus\plexus\plexus-interpolation\1.25\plexus-interpolation-1.25.jar;C:\Users\narottams\.m2\repository\org\sonatype\plexus\plexus-sec-dispatcher\1.4\plexus-sec-dispatcher-1.4.jar;C:\Users\narottams\.m2\repository\org\sonatype\plexus\plexus-cipher\1.4\plexus-cipher-1.4.jar;C:\Users\narottams\.m2\repository\org\apache\maven\maven-resolver-provider\3.8.1\maven-resolver-provider-3.8.1.jar;C:\Users\narottams\.m2\repository\org\apache\maven\maven-repository-metadata\3.8.1\maven-repository-metadata-3.8.1.jar;C:\Users\narottams\.m2\repository\org\apache\maven\resolver\maven-resolver-spi\1.6.2\maven-resolver-spi-1.6.2.jar;C:\Users\narottams\.m2\repository\org\apache\maven\resolver\maven-resolver-impl\1.6.2\maven-resolver-impl-1.6.2.jar;C:\Users\narottams\.m2\repository\org\apache\maven\resolver\maven-resolver-connector-basic\1.6.2\maven-resolver-connector-basic-1.6.2.jar;C:\Users\narottams\.m2\repository\org\apache\maven\resolver\maven-resolver-transport-wagon\1.6.2\maven-resolver-transport-wagon-1.6.2.jar;C:\Users\narottams\.m2\repository\org\apache\maven\wagon\wagon-http\3.4.3\wagon-http-3.4.3.jar;C:\Users\narottams\.m2\repository\org\apache\maven\wagon\wagon-http-shared\3.4.3\wagon-http-shared-3.4.3.jar;C:\Users\narottams\.m2\repository\org\jsoup\jsoup\1.12.1\jsoup-1.12.1.jar;C:\Users\narottams\.m2\repository\org\apache\maven\wagon\wagon-provider-api\3.4.3\wagon-provider-api-3.4.3.jar;C:\Users\narottams\.m2\repository\org\apache\maven\wagon\wagon-file\3.4.3\wagon-file-3.4.3.jar;C:\Users\narottams\.m2\repository\io\quarkus\quarkus-bootstrap-gradle-resolver\2.2.3.Final\quarkus-bootstrap-gradle-resolver-2.2.3.Final.jar;C:\Users\narottams\.m2\repository\io\smallrye\common\smallrye-common-io\1.6.0\smallrye-common-io-1.6.0.jar;C:\Users\narottams\.m2\repository\org\eclipse\sisu\org.eclipse.sisu.inject\0.3.4\org.eclipse.sisu.inject-0.3.4.jar;C:\Users\narottams\.m2\repository\io\quarkus\quarkus-test-common\2.2.3.Final\quarkus-test-common-2.2.3.Final.jar;C:\Users\narottams\.m2\repository\io\quarkus\quarkus-core-deployment\2.2.3.Final\quarkus-core-deployment-2.2.3.Final.jar;C:\Users\narottams\.m2\repository\org\aesh\readline\2.1\readline-2.1.jar;C:\Users\narottams\.m2\repository\org\fusesource\jansi\jansi\1.18\jansi-1.18.jar;C:\Users\narottams\.m2\repository\io\quarkus\gizmo\gizmo\1.0.9.Final\gizmo-1.0.9.Final.jar;C:\Users\narottams\.m2\repository\org\ow2\asm\asm-util\9.1\asm-util-9.1.jar;C:\Users\narottams\.m2\repository\org\ow2\asm\asm-tree\9.1\asm-tree-9.1.jar;C:\Users\narottams\.m2\repository\org\ow2\asm\asm-analysis\9.1\asm-analysis-9.1.jar;C:\Users\narottams\.m2\repository\org\ow2\asm\asm\9.1\asm-9.1.jar;C:\Users\narottams\.m2\repository\io\quarkus\quarkus-class-change-agent\2.2.3.Final\quarkus-class-change-agent-2.2.3.Final.jar;C:\Users\narottams\.m2\repository\io\quarkus\quarkus-devtools-utilities\2.2.3.Final\quarkus-devtools-utilities-2.2.3.Final.jar;C:\Users\narottams\.m2\repository\io\quarkus\quarkus-builder\2.2.3.Final\quarkus-builder-2.2.3.Final.jar;C:\Users\narottams\.m2\repository\org\junit\platform\junit-platform-launcher\1.7.2\junit-platform-launcher-1.7.2.jar;C:\Users\narottams\.m2\repository\io\quarkus\quarkus-jsonp-deployment\2.2.3.Final\quarkus-jsonp-deployment-2.2.3.Final.jar;C:\Users\narottams\.m2\repository\io\quarkus\quarkus-jsonp\2.2.3.Final\quarkus-jsonp-2.2.3.Final.jar;C:\Users\narottams\.m2\repository\org\glassfish\jakarta.json\1.1.6\jakarta.json-1.1.6.jar;C:\Users\narottams\.m2\repository\org\jboss\jandex\2.3.1.Final\jandex-2.3.1.Final.jar;C:\Users\narottams\.m2\repository\org\jboss\logging\commons-logging-jboss-logging\1.0.0.Final\commons-logging-jboss-logging-1.0.0.Final.jar;C:\Users\narottams\.m2\repository\org\junit\jupiter\junit-jupiter\5.7.2\junit-jupiter-5.7.2.jar;C:\Users\narottams\.m2\repository\org\junit\jupiter\junit-jupiter-api\5.7.2\junit-jupiter-api-5.7.2.jar;C:\Users\narottams\.m2\repository\org\apiguardian\apiguardian-api\1.1.0\apiguardian-api-1.1.0.jar;C:\Users\narottams\.m2\repository\org\opentest4j\opentest4j\1.2.0\opentest4j-1.2.0.jar;C:\Users\narottams\.m2\repository\org\junit\platform\junit-platform-commons\1.7.2\junit-platform-commons-1.7.2.jar;C:\Users\narottams\.m2\repository\org\junit\jupiter\junit-jupiter-params\5.7.2\junit-jupiter-params-5.7.2.jar;C:\Users\narottams\.m2\repository\org\junit\jupiter\junit-jupiter-engine\5.7.2\junit-jupiter-engine-5.7.2.jar;C:\Users\narottams\.m2\repository\org\junit\platform\junit-platform-engine\1.7.2\junit-platform-engine-1.7.2.jar;C:\Users\narottams\.m2\repository\io\quarkus\quarkus-core\2.2.3.Final\quarkus-core-2.2.3.Final.jar;C:\Users\narottams\.m2\repository\jakarta\annotation\jakarta.annotation-api\1.3.5\jakarta.annotation-api-1.3.5.jar;C:\Users\narottams\.m2\repository\jakarta\enterprise\jakarta.enterprise.cdi-api\2.0.2\jakarta.enterprise.cdi-api-2.0.2.jar;C:\Users\narottams\.m2\repository\jakarta\el\jakarta.el-api\3.0.3\jakarta.el-api-3.0.3.jar;C:\Users\narottams\.m2\repository\jakarta\interceptor\jakarta.interceptor-api\1.2.5\jakarta.interceptor-api-1.2.5.jar;C:\Users\narottams\.m2\repository\jakarta\inject\jakarta.inject-api\1.0\jakarta.inject-api-1.0.jar;C:\Users\narottams\.m2\repository\io\quarkus\quarkus-ide-launcher\2.2.3.Final\quarkus-ide-launcher-2.2.3.Final.jar;C:\Users\narottams\.m2\repository\io\quarkus\quarkus-development-mode-spi\2.2.3.Final\quarkus-development-mode-spi-2.2.3.Final.jar;C:\Users\narottams\.m2\repository\io\smallrye\config\smallrye-config\2.4.4\smallrye-config-2.4.4.jar;C:\Users\narottams\.m2\repository\io\smallrye\config\smallrye-config-core\2.4.4\smallrye-config-core-2.4.4.jar;C:\Users\narottams\.m2\repository\org\eclipse\microprofile\config\microprofile-config-api\2.0\microprofile-config-api-2.0.jar;C:\Users\narottams\.m2\repository\io\smallrye\common\smallrye-common-annotation\1.6.0\smallrye-common-annotation-1.6.0.jar;C:\Users\narottams\.m2\repository\io\smallrye\common\smallrye-common-expression\1.6.0\smallrye-common-expression-1.6.0.jar;C:\Users\narottams\.m2\repository\io\smallrye\common\smallrye-common-function\1.6.0\smallrye-common-function-1.6.0.jar;C:\Users\narottams\.m2\repository\io\smallrye\common\smallrye-common-constraint\1.6.0\smallrye-common-constraint-1.6.0.jar;C:\Users\narottams\.m2\repository\io\smallrye\common\smallrye-common-classloader\1.6.0\smallrye-common-classloader-1.6.0.jar;C:\Users\narottams\.m2\repository\io\smallrye\config\smallrye-config-common\2.4.4\smallrye-config-common-2.4.4.jar;C:\Users\narottams\.m2\repository\org\jboss\logmanager\jboss-logmanager-embedded\1.0.9\jboss-logmanager-embedded-1.0.9.jar;C:\Users\narottams\.m2\repository\org\jboss\logging\jboss-logging-annotations\2.2.1.Final\jboss-logging-annotations-2.2.1.Final.jar;C:\Users\narottams\.m2\repository\org\jboss\threads\jboss-threads\3.4.2.Final\jboss-threads-3.4.2.Final.jar;C:\Users\narottams\.m2\repository\org\slf4j\slf4j-api\1.7.30\slf4j-api-1.7.30.jar;C:\Users\narottams\.m2\repository\org\jboss\slf4j\slf4j-jboss-logmanager\1.1.0.Final\slf4j-jboss-logmanager-1.1.0.Final.jar;C:\Users\narottams\.m2\repository\org\graalvm\sdk\graal-sdk\21.2.0\graal-sdk-21.2.0.jar;C:\Users\narottams\.m2\repository\org\wildfly\common\wildfly-common\1.5.4.Final-format-001\wildfly-common-1.5.4.Final-format-001.jar;C:\Users\narottams\.m2\repository\io\quarkus\quarkus-bootstrap-runner\2.2.3.Final\quarkus-bootstrap-runner-2.2.3.Final.jar;C:\Users\narottams\.m2\repository\com\thoughtworks\xstream\xstream\1.4.17\xstream-1.4.17.jar;C:\Users\narottams\.m2\repository\io\github\x-stream\mxparser\1.2.1\mxparser-1.2.1.jar;C:\Users\narottams\.m2\repository\xmlpull\xmlpull\1.1.3.1\xmlpull-1.1.3.1.jar;C:\Users\narottams\.m2\repository\io\rest-assured\rest-assured\4.4.0\rest-assured-4.4.0.jar;C:\Users\narottams\.m2\repository\org\codehaus\groovy\groovy\3.0.8\groovy-3.0.8.jar;C:\Users\narottams\.m2\repository\org\codehaus\groovy\groovy-xml\3.0.8\groovy-xml-3.0.8.jar;C:\Users\narottams\.m2\repository\org\apache\httpcomponents\httpclient\4.5.13\httpclient-4.5.13.jar;C:\Users\narottams\.m2\repository\org\apache\httpcomponents\httpcore\4.4.14\httpcore-4.4.14.jar;C:\Users\narottams\.m2\repository\commons-codec\commons-codec\1.15\commons-codec-1.15.jar;C:\Users\narottams\.m2\repository\org\apache\httpcomponents\httpmime\4.5.13\httpmime-4.5.13.jar;C:\Users\narottams\.m2\repository\org\hamcrest\hamcrest\2.1\hamcrest-2.1.jar;C:\Users\narottams\.m2\repository\org\ccil\cowan\tagsoup\tagsoup\1.2.1\tagsoup-1.2.1.jar;C:\Users\narottams\.m2\repository\io\rest-assured\json-path\4.4.0\json-path-4.4.0.jar;C:\Users\narottams\.m2\repository\org\codehaus\groovy\groovy-json\3.0.8\groovy-json-3.0.8.jar;C:\Users\narottams\.m2\repository\io\rest-assured\rest-assured-common\4.4.0\rest-assured-common-4.4.0.jar;C:\Users\narottams\.m2\repository\io\rest-assured\xml-path\4.4.0\xml-path-4.4.0.jar;C:\Users\narottams\.m2\repository\org\apache\commons\commons-lang3\3.12.0\commons-lang3-3.12.0.jar;C:\Users\narottams\.m2\repository\jakarta\xml\bind\jakarta.xml.bind-api\2.3.3\jakarta.xml.bind-api-2.3.3.jar;C:\Users\narottams\.m2\repository\com\sun\xml\bind\jaxb-impl\2.3.3\jaxb-impl-2.3.3.jar;"/>
    <property name="java.vm.vendor" value="Oracle Corporation"/>
    <property name="sun.arch.data.model" value="64"/>
    <property name="user.variant" value=""/>
    <property name="java.vendor.url" value="https://java.oracle.com/"/>
    <property name="user.timezone" value="Asia/Calcutta"/>
    <property name="os.name" value="Windows 10"/>
    <property name="java.vm.specification.version" value="16"/>
    <property name="sun.java.launcher" value="SUN_STANDARD"/>
    <property name="user.country" value="US"/>
    <property name="sun.boot.library.path" value="D:\Tools\sts-4.12.0.RELEASE\plugins\org.eclipse.justj.openjdk.hotspot.jre.full.win32.x86_64_16.0.2.v20210721-1149\jre\bin"/>
    <property name="sun.java.command" value="C:\Users\narottams\AppData\Local\Temp\surefire3343605089225225705\surefirebooter11184245085369815641.jar C:\Users\narottams\AppData\Local\Temp\surefire3343605089225225705 2021-10-01T16-43-29_940-jvmRun1 surefire592355909272832075tmp surefire_018437867655327598291tmp"/>
    <property name="maven.home" value="D:\Narottam\Quarkus\QuarkusApplications\quarkus-jpa-application\EMBEDDED"/>
    <property name="jdk.debug" value="release"/>
    <property name="surefire.test.class.path" value="D:\Narottam\Quarkus\QuarkusApplications\quarkus-jpa-application\target\test-classes;D:\Narottam\Quarkus\QuarkusApplications\quarkus-jpa-application\target\classes;C:\Users\narottams\.m2\repository\io\quarkus\quarkus-spring-data-jpa\2.2.3.Final\quarkus-spring-data-jpa-2.2.3.Final.jar;C:\Users\narottams\.m2\repository\io\quarkus\quarkus-hibernate-orm-panache\2.2.3.Final\quarkus-hibernate-orm-panache-2.2.3.Final.jar;C:\Users\narottams\.m2\repository\io\quarkus\quarkus-hibernate-orm\2.2.3.Final\quarkus-hibernate-orm-2.2.3.Final.jar;C:\Users\narottams\.m2\repository\io\quarkus\quarkus-agroal\2.2.3.Final\quarkus-agroal-2.2.3.Final.jar;C:\Users\narottams\.m2\repository\io\quarkus\quarkus-datasource\2.2.3.Final\quarkus-datasource-2.2.3.Final.jar;C:\Users\narottams\.m2\repository\io\quarkus\quarkus-datasource-common\2.2.3.Final\quarkus-datasource-common-2.2.3.Final.jar;C:\Users\narottams\.m2\repository\org\jboss\narayana\jta\narayana-jta\5.12.0.Final\narayana-jta-5.12.0.Final.jar;C:\Users\narottams\.m2\repository\org\jboss\jboss-transaction-spi\7.6.0.Final\jboss-transaction-spi-7.6.0.Final.jar;C:\Users\narottams\.m2\repository\org\jboss\spec\javax\resource\jboss-connector-api_1.7_spec\1.0.0.Final\jboss-connector-api_1.7_spec-1.0.0.Final.jar;C:\Users\narottams\.m2\repository\org\jboss\narayana\jts\narayana-jts-integration\5.12.0.Final\narayana-jts-integration-5.12.0.Final.jar;C:\Users\narottams\.m2\repository\io\agroal\agroal-api\1.12\agroal-api-1.12.jar;C:\Users\narottams\.m2\repository\io\agroal\agroal-narayana\1.12\agroal-narayana-1.12.jar;C:\Users\narottams\.m2\repository\io\agroal\agroal-pool\1.12\agroal-pool-1.12.jar;C:\Users\narottams\.m2\repository\io\quarkus\quarkus-credentials\2.2.3.Final\quarkus-credentials-2.2.3.Final.jar;C:\Users\narottams\.m2\repository\io\quarkus\quarkus-narayana-jta\2.2.3.Final\quarkus-narayana-jta-2.2.3.Final.jar;C:\Users\narottams\.m2\repository\io\smallrye\smallrye-context-propagation-jta\1.2.0\smallrye-context-propagation-jta-1.2.0.jar;C:\Users\narottams\.m2\repository\io\smallrye\reactive\smallrye-reactive-converter-api\2.6.0\smallrye-reactive-converter-api-2.6.0.jar;C:\Users\narottams\.m2\repository\org\reactivestreams\reactive-streams\1.0.3\reactive-streams-1.0.3.jar;C:\Users\narottams\.m2\repository\io\smallrye\reactive\smallrye-reactive-converter-mutiny\2.6.0\smallrye-reactive-converter-mutiny-2.6.0.jar;C:\Users\narottams\.m2\repository\org\hibernate\hibernate-core\5.5.7.Final\hibernate-core-5.5.7.Final.jar;C:\Users\narottams\.m2\repository\net\bytebuddy\byte-buddy\1.11.12\byte-buddy-1.11.12.jar;C:\Users\narottams\.m2\repository\antlr\antlr\2.7.7\antlr-2.7.7.jar;C:\Users\narottams\.m2\repository\com\fasterxml\classmate\1.5.1\classmate-1.5.1.jar;C:\Users\narottams\.m2\repository\org\hibernate\common\hibernate-commons-annotations\5.1.2.Final\hibernate-commons-annotations-5.1.2.Final.jar;C:\Users\narottams\.m2\repository\org\hibernate\hibernate-graalvm\5.5.7.Final\hibernate-graalvm-5.5.7.Final.jar;C:\Users\narottams\.m2\repository\org\glassfish\jaxb\jaxb-runtime\2.3.3-b02\jaxb-runtime-2.3.3-b02.jar;C:\Users\narottams\.m2\repository\org\glassfish\jaxb\txw2\2.3.3-b02\txw2-2.3.3-b02.jar;C:\Users\narottams\.m2\repository\com\sun\istack\istack-commons-runtime\3.0.10\istack-commons-runtime-3.0.10.jar;C:\Users\narottams\.m2\repository\com\sun\activation\jakarta.activation\1.2.1\jakarta.activation-1.2.1.jar;C:\Users\narottams\.m2\repository\jakarta\persistence\jakarta.persistence-api\2.2.3\jakarta.persistence-api-2.2.3.jar;C:\Users\narottams\.m2\repository\jakarta\transaction\jakarta.transaction-api\1.3.3\jakarta.transaction-api-1.3.3.jar;C:\Users\narottams\.m2\repository\org\hibernate\quarkus-local-cache\0.1.0\quarkus-local-cache-0.1.0.jar;C:\Users\narottams\.m2\repository\com\github\ben-manes\caffeine\caffeine\2.9.2\caffeine-2.9.2.jar;C:\Users\narottams\.m2\repository\com\google\errorprone\error_prone_annotations\2.2.0\error_prone_annotations-2.2.0.jar;C:\Users\narottams\.m2\repository\io\quarkus\quarkus-caffeine\2.2.3.Final\quarkus-caffeine-2.2.3.Final.jar;C:\Users\narottams\.m2\repository\io\quarkus\quarkus-hibernate-orm-panache-common\2.2.3.Final\quarkus-hibernate-orm-panache-common-2.2.3.Final.jar;C:\Users\narottams\.m2\repository\io\quarkus\quarkus-panache-hibernate-common\2.2.3.Final\quarkus-panache-hibernate-common-2.2.3.Final.jar;C:\Users\narottams\.m2\repository\io\quarkus\quarkus-panache-common\2.2.3.Final\quarkus-panache-common-2.2.3.Final.jar;C:\Users\narottams\.m2\repository\io\quarkus\quarkus-spring-data-jpa-api\2.1.SP2\quarkus-spring-data-jpa-api-2.1.SP2.jar;C:\Users\narottams\.m2\repository\io\quarkus\quarkus-spring-di\2.2.3.Final\quarkus-spring-di-2.2.3.Final.jar;C:\Users\narottams\.m2\repository\io\quarkus\quarkus-spring-beans-api\5.2.SP4\quarkus-spring-beans-api-5.2.SP4.jar;C:\Users\narottams\.m2\repository\io\quarkus\quarkus-spring-data-commons-api\2.1.SP2\quarkus-spring-data-commons-api-2.1.SP2.jar;C:\Users\narottams\.m2\repository\io\quarkus\quarkus-spring-context-api\5.2.SP4\quarkus-spring-context-api-5.2.SP4.jar;C:\Users\narottams\.m2\repository\io\quarkus\quarkus-spring-core-api\5.2.SP4\quarkus-spring-core-api-5.2.SP4.jar;C:\Users\narottams\.m2\repository\io\quarkus\quarkus-spring-boot-orm-api\2.1.SP1\quarkus-spring-boot-orm-api-2.1.SP1.jar;C:\Users\narottams\.m2\repository\io\quarkus\quarkus-jdbc-h2\2.3.0.Final\quarkus-jdbc-h2-2.3.0.Final.jar;C:\Users\narottams\.m2\repository\io\quarkus\quarkus-arc\2.2.3.Final\quarkus-arc-2.2.3.Final.jar;C:\Users\narottams\.m2\repository\io\quarkus\arc\arc\2.2.3.Final\arc-2.2.3.Final.jar;C:\Users\narottams\.m2\repository\org\eclipse\microprofile\context-propagation\microprofile-context-propagation-api\1.2\microprofile-context-propagation-api-1.2.jar;C:\Users\narottams\.m2\repository\com\h2database\h2\1.4.197\h2-1.4.197.jar;C:\Users\narottams\.m2\repository\org\locationtech\jts\jts-core\1.15.0\jts-core-1.15.0.jar;C:\Users\narottams\.m2\repository\io\quarkus\quarkus-resteasy-jackson\2.2.3.Final\quarkus-resteasy-jackson-2.2.3.Final.jar;C:\Users\narottams\.m2\repository\io\quarkus\quarkus-resteasy\2.2.3.Final\quarkus-resteasy-2.2.3.Final.jar;C:\Users\narottams\.m2\repository\io\quarkus\quarkus-vertx-http\2.2.3.Final\quarkus-vertx-http-2.2.3.Final.jar;C:\Users\narottams\.m2\repository\io\quarkus\quarkus-security-runtime-spi\2.2.3.Final\quarkus-security-runtime-spi-2.2.3.Final.jar;C:\Users\narottams\.m2\repository\io\quarkus\quarkus-mutiny\2.2.3.Final\quarkus-mutiny-2.2.3.Final.jar;C:\Users\narottams\.m2\repository\io\smallrye\reactive\mutiny\1.0.0\mutiny-1.0.0.jar;C:\Users\narottams\.m2\repository\io\quarkus\quarkus-smallrye-context-propagation\2.2.3.Final\quarkus-smallrye-context-propagation-2.2.3.Final.jar;C:\Users\narottams\.m2\repository\io\smallrye\smallrye-context-propagation\1.2.0\smallrye-context-propagation-1.2.0.jar;C:\Users\narottams\.m2\repository\io\smallrye\smallrye-context-propagation-api\1.2.0\smallrye-context-propagation-api-1.2.0.jar;C:\Users\narottams\.m2\repository\io\smallrye\smallrye-context-propagation-storage\1.2.0\smallrye-context-propagation-storage-1.2.0.jar;C:\Users\narottams\.m2\repository\io\smallrye\reactive\mutiny-smallrye-context-propagation\1.0.0\mutiny-smallrye-context-propagation-1.0.0.jar;C:\Users\narottams\.m2\repository\io\quarkus\quarkus-vertx-http-dev-console-runtime-spi\2.2.3.Final\quarkus-vertx-http-dev-console-runtime-spi-2.2.3.Final.jar;C:\Users\narottams\.m2\repository\io\quarkus\security\quarkus-security\1.1.4.Final\quarkus-security-1.1.4.Final.jar;C:\Users\narottams\.m2\repository\io\quarkus\quarkus-vertx-core\2.2.3.Final\quarkus-vertx-core-2.2.3.Final.jar;C:\Users\narottams\.m2\repository\io\quarkus\quarkus-netty\2.2.3.Final\quarkus-netty-2.2.3.Final.jar;C:\Users\narottams\.m2\repository\io\netty\netty-codec\4.1.67.Final\netty-codec-4.1.67.Final.jar;C:\Users\narottams\.m2\repository\io\netty\netty-codec-http\4.1.67.Final\netty-codec-http-4.1.67.Final.jar;C:\Users\narottams\.m2\repository\io\netty\netty-codec-http2\4.1.67.Final\netty-codec-http2-4.1.67.Final.jar;C:\Users\narottams\.m2\repository\io\netty\netty-handler\4.1.67.Final\netty-handler-4.1.67.Final.jar;C:\Users\narottams\.m2\repository\io\netty\netty-codec-haproxy\4.1.67.Final\netty-codec-haproxy-4.1.67.Final.jar;C:\Users\narottams\.m2\repository\io\netty\netty-buffer\4.1.67.Final\netty-buffer-4.1.67.Final.jar;C:\Users\narottams\.m2\repository\io\netty\netty-transport\4.1.67.Final\netty-transport-4.1.67.Final.jar;C:\Users\narottams\.m2\repository\io\vertx\vertx-core\4.1.3\vertx-core-4.1.3.jar;C:\Users\narottams\.m2\repository\io\netty\netty-common\4.1.67.Final\netty-common-4.1.67.Final.jar;C:\Users\narottams\.m2\repository\io\netty\netty-handler-proxy\4.1.67.Final\netty-handler-proxy-4.1.67.Final.jar;C:\Users\narottams\.m2\repository\io\netty\netty-codec-socks\4.1.67.Final\netty-codec-socks-4.1.67.Final.jar;C:\Users\narottams\.m2\repository\io\netty\netty-resolver\4.1.67.Final\netty-resolver-4.1.67.Final.jar;C:\Users\narottams\.m2\repository\io\netty\netty-resolver-dns\4.1.67.Final\netty-resolver-dns-4.1.67.Final.jar;C:\Users\narottams\.m2\repository\io\netty\netty-codec-dns\4.1.67.Final\netty-codec-dns-4.1.67.Final.jar;C:\Users\narottams\.m2\repository\io\vertx\vertx-web\4.1.3\vertx-web-4.1.3.jar;C:\Users\narottams\.m2\repository\io\vertx\vertx-web-common\4.1.3\vertx-web-common-4.1.3.jar;C:\Users\narottams\.m2\repository\io\vertx\vertx-auth-common\4.1.3\vertx-auth-common-4.1.3.jar;C:\Users\narottams\.m2\repository\io\vertx\vertx-bridge-common\4.1.3\vertx-bridge-common-4.1.3.jar;C:\Users\narottams\.m2\repository\io\quarkus\quarkus-resteasy-server-common\2.2.3.Final\quarkus-resteasy-server-common-2.2.3.Final.jar;C:\Users\narottams\.m2\repository\io\quarkus\quarkus-resteasy-common\2.2.3.Final\quarkus-resteasy-common-2.2.3.Final.jar;C:\Users\narottams\.m2\repository\org\jboss\resteasy\resteasy-core\4.7.0.Final\resteasy-core-4.7.0.Final.jar;C:\Users\narottams\.m2\repository\org\jboss\spec\javax\ws\rs\jboss-jaxrs-api_2.1_spec\2.0.1.Final\jboss-jaxrs-api_2.1_spec-2.0.1.Final.jar;C:\Users\narottams\.m2\repository\org\jboss\resteasy\resteasy-core-spi\4.7.0.Final\resteasy-core-spi-4.7.0.Final.jar;C:\Users\narottams\.m2\repository\com\ibm\async\asyncutil\0.1.0\asyncutil-0.1.0.jar;C:\Users\narottams\.m2\repository\jakarta\validation\jakarta.validation-api\2.0.2\jakarta.validation-api-2.0.2.jar;C:\Users\narottams\.m2\repository\io\quarkus\quarkus-jackson\2.2.3.Final\quarkus-jackson-2.2.3.Final.jar;C:\Users\narottams\.m2\repository\com\fasterxml\jackson\core\jackson-databind\2.12.4\jackson-databind-2.12.4.jar;C:\Users\narottams\.m2\repository\com\fasterxml\jackson\datatype\jackson-datatype-jsr310\2.12.4\jackson-datatype-jsr310-2.12.4.jar;C:\Users\narottams\.m2\repository\com\fasterxml\jackson\datatype\jackson-datatype-jdk8\2.12.4\jackson-datatype-jdk8-2.12.4.jar;C:\Users\narottams\.m2\repository\com\fasterxml\jackson\module\jackson-module-parameter-names\2.12.4\jackson-module-parameter-names-2.12.4.jar;C:\Users\narottams\.m2\repository\org\jboss\resteasy\resteasy-jackson2-provider\4.7.0.Final\resteasy-jackson2-provider-4.7.0.Final.jar;C:\Users\narottams\.m2\repository\com\fasterxml\jackson\core\jackson-core\2.12.4\jackson-core-2.12.4.jar;C:\Users\narottams\.m2\repository\com\fasterxml\jackson\core\jackson-annotations\2.12.4\jackson-annotations-2.12.4.jar;C:\Users\narottams\.m2\repository\com\fasterxml\jackson\jaxrs\jackson-jaxrs-json-provider\2.12.4\jackson-jaxrs-json-provider-2.12.4.jar;C:\Users\narottams\.m2\repository\com\fasterxml\jackson\jaxrs\jackson-jaxrs-base\2.12.4\jackson-jaxrs-base-2.12.4.jar;C:\Users\narottams\.m2\repository\com\fasterxml\jackson\module\jackson-module-jaxb-annotations\2.12.4\jackson-module-jaxb-annotations-2.12.4.jar;C:\Users\narottams\.m2\repository\com\github\java-json-tools\json-patch\1.13\json-patch-1.13.jar;C:\Users\narottams\.m2\repository\com\github\java-json-tools\msg-simple\1.2\msg-simple-1.2.jar;C:\Users\narottams\.m2\repository\com\github\java-json-tools\btf\1.3\btf-1.3.jar;C:\Users\narottams\.m2\repository\com\github\java-json-tools\jackson-coreutils\2.0\jackson-coreutils-2.0.jar;C:\Users\narottams\.m2\repository\org\jboss\logging\jboss-logging\3.4.2.Final\jboss-logging-3.4.2.Final.jar;C:\Users\narottams\.m2\repository\org\jboss\spec\javax\xml\bind\jboss-jaxb-api_2.3_spec\2.0.0.Final\jboss-jaxb-api_2.3_spec-2.0.0.Final.jar;C:\Users\narottams\.m2\repository\io\quarkus\quarkus-junit5\2.2.3.Final\quarkus-junit5-2.2.3.Final.jar;C:\Users\narottams\.m2\repository\io\quarkus\quarkus-bootstrap-core\2.2.3.Final\quarkus-bootstrap-core-2.2.3.Final.jar;C:\Users\narottams\.m2\repository\io\quarkus\quarkus-bootstrap-app-model\2.2.3.Final\quarkus-bootstrap-app-model-2.2.3.Final.jar;C:\Users\narottams\.m2\repository\io\quarkus\quarkus-bootstrap-maven-resolver\2.2.3.Final\quarkus-bootstrap-maven-resolver-2.2.3.Final.jar;C:\Users\narottams\.m2\repository\org\apache\maven\maven-embedder\3.8.1\maven-embedder-3.8.1.jar;C:\Users\narottams\.m2\repository\org\apache\maven\maven-settings\3.8.1\maven-settings-3.8.1.jar;C:\Users\narottams\.m2\repository\org\apache\maven\maven-core\3.8.1\maven-core-3.8.1.jar;C:\Users\narottams\.m2\repository\org\apache\maven\maven-artifact\3.8.1\maven-artifact-3.8.1.jar;C:\Users\narottams\.m2\repository\org\codehaus\plexus\plexus-component-annotations\2.1.0\plexus-component-annotations-2.1.0.jar;C:\Users\narottams\.m2\repository\org\apache\maven\maven-plugin-api\3.8.1\maven-plugin-api-3.8.1.jar;C:\Users\narottams\.m2\repository\org\apache\maven\maven-model\3.8.1\maven-model-3.8.1.jar;C:\Users\narottams\.m2\repository\org\apache\maven\maven-model-builder\3.8.1\maven-model-builder-3.8.1.jar;C:\Users\narottams\.m2\repository\org\apache\maven\maven-builder-support\3.8.1\maven-builder-support-3.8.1.jar;C:\Users\narottams\.m2\repository\org\apache\maven\resolver\maven-resolver-api\1.6.2\maven-resolver-api-1.6.2.jar;C:\Users\narottams\.m2\repository\org\apache\maven\resolver\maven-resolver-util\1.6.2\maven-resolver-util-1.6.2.jar;C:\Users\narottams\.m2\repository\org\apache\maven\shared\maven-shared-utils\3.3.3\maven-shared-utils-3.3.3.jar;C:\Users\narottams\.m2\repository\commons-io\commons-io\2.11.0\commons-io-2.11.0.jar;C:\Users\narottams\.m2\repository\com\google\inject\guice\4.2.1\guice-4.2.1-no_aop.jar;C:\Users\narottams\.m2\repository\com\google\guava\guava\30.1.1-jre\guava-30.1.1-jre.jar;C:\Users\narottams\.m2\repository\com\google\guava\failureaccess\1.0.1\failureaccess-1.0.1.jar;C:\Users\narottams\.m2\repository\com\google\guava\listenablefuture\9999.0-empty-to-avoid-conflict-with-guava\listenablefuture-9999.0-empty-to-avoid-conflict-with-guava.jar;C:\Users\narottams\.m2\repository\org\codehaus\plexus\plexus-utils\3.2.1\plexus-utils-3.2.1.jar;C:\Users\narottams\.m2\repository\org\codehaus\plexus\plexus-classworlds\2.6.0\plexus-classworlds-2.6.0.jar;C:\Users\narottams\.m2\repository\commons-cli\commons-cli\1.4\commons-cli-1.4.jar;C:\Users\narottams\.m2\repository\org\eclipse\sisu\org.eclipse.sisu.plexus\0.3.4\org.eclipse.sisu.plexus-0.3.4.jar;C:\Users\narottams\.m2\repository\org\apache\maven\maven-settings-builder\3.8.1\maven-settings-builder-3.8.1.jar;C:\Users\narottams\.m2\repository\org\codehaus\plexus\plexus-interpolation\1.25\plexus-interpolation-1.25.jar;C:\Users\narottams\.m2\repository\org\sonatype\plexus\plexus-sec-dispatcher\1.4\plexus-sec-dispatcher-1.4.jar;C:\Users\narottams\.m2\repository\org\sonatype\plexus\plexus-cipher\1.4\plexus-cipher-1.4.jar;C:\Users\narottams\.m2\repository\org\apache\maven\maven-resolver-provider\3.8.1\maven-resolver-provider-3.8.1.jar;C:\Users\narottams\.m2\repository\org\apache\maven\maven-repository-metadata\3.8.1\maven-repository-metadata-3.8.1.jar;C:\Users\narottams\.m2\repository\org\apache\maven\resolver\maven-resolver-spi\1.6.2\maven-resolver-spi-1.6.2.jar;C:\Users\narottams\.m2\repository\org\apache\maven\resolver\maven-resolver-impl\1.6.2\maven-resolver-impl-1.6.2.jar;C:\Users\narottams\.m2\repository\org\apache\maven\resolver\maven-resolver-connector-basic\1.6.2\maven-resolver-connector-basic-1.6.2.jar;C:\Users\narottams\.m2\repository\org\apache\maven\resolver\maven-resolver-transport-wagon\1.6.2\maven-resolver-transport-wagon-1.6.2.jar;C:\Users\narottams\.m2\repository\org\apache\maven\wagon\wagon-http\3.4.3\wagon-http-3.4.3.jar;C:\Users\narottams\.m2\repository\org\apache\maven\wagon\wagon-http-shared\3.4.3\wagon-http-shared-3.4.3.jar;C:\Users\narottams\.m2\repository\org\jsoup\jsoup\1.12.1\jsoup-1.12.1.jar;C:\Users\narottams\.m2\repository\org\apache\maven\wagon\wagon-provider-api\3.4.3\wagon-provider-api-3.4.3.jar;C:\Users\narottams\.m2\repository\org\apache\maven\wagon\wagon-file\3.4.3\wagon-file-3.4.3.jar;C:\Users\narottams\.m2\repository\io\quarkus\quarkus-bootstrap-gradle-resolver\2.2.3.Final\quarkus-bootstrap-gradle-resolver-2.2.3.Final.jar;C:\Users\narottams\.m2\repository\io\smallrye\common\smallrye-common-io\1.6.0\smallrye-common-io-1.6.0.jar;C:\Users\narottams\.m2\repository\org\eclipse\sisu\org.eclipse.sisu.inject\0.3.4\org.eclipse.sisu.inject-0.3.4.jar;C:\Users\narottams\.m2\repository\io\quarkus\quarkus-test-common\2.2.3.Final\quarkus-test-common-2.2.3.Final.jar;C:\Users\narottams\.m2\repository\io\quarkus\quarkus-core-deployment\2.2.3.Final\quarkus-core-deployment-2.2.3.Final.jar;C:\Users\narottams\.m2\repository\org\aesh\readline\2.1\readline-2.1.jar;C:\Users\narottams\.m2\repository\org\fusesource\jansi\jansi\1.18\jansi-1.18.jar;C:\Users\narottams\.m2\repository\io\quarkus\gizmo\gizmo\1.0.9.Final\gizmo-1.0.9.Final.jar;C:\Users\narottams\.m2\repository\org\ow2\asm\asm-util\9.1\asm-util-9.1.jar;C:\Users\narottams\.m2\repository\org\ow2\asm\asm-tree\9.1\asm-tree-9.1.jar;C:\Users\narottams\.m2\repository\org\ow2\asm\asm-analysis\9.1\asm-analysis-9.1.jar;C:\Users\narottams\.m2\repository\org\ow2\asm\asm\9.1\asm-9.1.jar;C:\Users\narottams\.m2\repository\io\quarkus\quarkus-class-change-agent\2.2.3.Final\quarkus-class-change-agent-2.2.3.Final.jar;C:\Users\narottams\.m2\repository\io\quarkus\quarkus-devtools-utilities\2.2.3.Final\quarkus-devtools-utilities-2.2.3.Final.jar;C:\Users\narottams\.m2\repository\io\quarkus\quarkus-builder\2.2.3.Final\quarkus-builder-2.2.3.Final.jar;C:\Users\narottams\.m2\repository\org\junit\platform\junit-platform-launcher\1.7.2\junit-platform-launcher-1.7.2.jar;C:\Users\narottams\.m2\repository\io\quarkus\quarkus-jsonp-deployment\2.2.3.Final\quarkus-jsonp-deployment-2.2.3.Final.jar;C:\Users\narottams\.m2\repository\io\quarkus\quarkus-jsonp\2.2.3.Final\quarkus-jsonp-2.2.3.Final.jar;C:\Users\narottams\.m2\repository\org\glassfish\jakarta.json\1.1.6\jakarta.json-1.1.6.jar;C:\Users\narottams\.m2\repository\org\jboss\jandex\2.3.1.Final\jandex-2.3.1.Final.jar;C:\Users\narottams\.m2\repository\org\jboss\logging\commons-logging-jboss-logging\1.0.0.Final\commons-logging-jboss-logging-1.0.0.Final.jar;C:\Users\narottams\.m2\repository\org\junit\jupiter\junit-jupiter\5.7.2\junit-jupiter-5.7.2.jar;C:\Users\narottams\.m2\repository\org\junit\jupiter\junit-jupiter-api\5.7.2\junit-jupiter-api-5.7.2.jar;C:\Users\narottams\.m2\repository\org\apiguardian\apiguardian-api\1.1.0\apiguardian-api-1.1.0.jar;C:\Users\narottams\.m2\repository\org\opentest4j\opentest4j\1.2.0\opentest4j-1.2.0.jar;C:\Users\narottams\.m2\repository\org\junit\platform\junit-platform-commons\1.7.2\junit-platform-commons-1.7.2.jar;C:\Users\narottams\.m2\repository\org\junit\jupiter\junit-jupiter-params\5.7.2\junit-jupiter-params-5.7.2.jar;C:\Users\narottams\.m2\repository\org\junit\jupiter\junit-jupiter-engine\5.7.2\junit-jupiter-engine-5.7.2.jar;C:\Users\narottams\.m2\repository\org\junit\platform\junit-platform-engine\1.7.2\junit-platform-engine-1.7.2.jar;C:\Users\narottams\.m2\repository\io\quarkus\quarkus-core\2.2.3.Final\quarkus-core-2.2.3.Final.jar;C:\Users\narottams\.m2\repository\jakarta\annotation\jakarta.annotation-api\1.3.5\jakarta.annotation-api-1.3.5.jar;C:\Users\narottams\.m2\repository\jakarta\enterprise\jakarta.enterprise.cdi-api\2.0.2\jakarta.enterprise.cdi-api-2.0.2.jar;C:\Users\narottams\.m2\repository\jakarta\el\jakarta.el-api\3.0.3\jakarta.el-api-3.0.3.jar;C:\Users\narottams\.m2\repository\jakarta\interceptor\jakarta.interceptor-api\1.2.5\jakarta.interceptor-api-1.2.5.jar;C:\Users\narottams\.m2\repository\jakarta\inject\jakarta.inject-api\1.0\jakarta.inject-api-1.0.jar;C:\Users\narottams\.m2\repository\io\quarkus\quarkus-ide-launcher\2.2.3.Final\quarkus-ide-launcher-2.2.3.Final.jar;C:\Users\narottams\.m2\repository\io\quarkus\quarkus-development-mode-spi\2.2.3.Final\quarkus-development-mode-spi-2.2.3.Final.jar;C:\Users\narottams\.m2\repository\io\smallrye\config\smallrye-config\2.4.4\smallrye-config-2.4.4.jar;C:\Users\narottams\.m2\repository\io\smallrye\config\smallrye-config-core\2.4.4\smallrye-config-core-2.4.4.jar;C:\Users\narottams\.m2\repository\org\eclipse\microprofile\config\microprofile-config-api\2.0\microprofile-config-api-2.0.jar;C:\Users\narottams\.m2\repository\io\smallrye\common\smallrye-common-annotation\1.6.0\smallrye-common-annotation-1.6.0.jar;C:\Users\narottams\.m2\repository\io\smallrye\common\smallrye-common-expression\1.6.0\smallrye-common-expression-1.6.0.jar;C:\Users\narottams\.m2\repository\io\smallrye\common\smallrye-common-function\1.6.0\smallrye-common-function-1.6.0.jar;C:\Users\narottams\.m2\repository\io\smallrye\common\smallrye-common-constraint\1.6.0\smallrye-common-constraint-1.6.0.jar;C:\Users\narottams\.m2\repository\io\smallrye\common\smallrye-common-classloader\1.6.0\smallrye-common-classloader-1.6.0.jar;C:\Users\narottams\.m2\repository\io\smallrye\config\smallrye-config-common\2.4.4\smallrye-config-common-2.4.4.jar;C:\Users\narottams\.m2\repository\org\jboss\logmanager\jboss-logmanager-embedded\1.0.9\jboss-logmanager-embedded-1.0.9.jar;C:\Users\narottams\.m2\repository\org\jboss\logging\jboss-logging-annotations\2.2.1.Final\jboss-logging-annotations-2.2.1.Final.jar;C:\Users\narottams\.m2\repository\org\jboss\threads\jboss-threads\3.4.2.Final\jboss-threads-3.4.2.Final.jar;C:\Users\narottams\.m2\repository\org\slf4j\slf4j-api\1.7.30\slf4j-api-1.7.30.jar;C:\Users\narottams\.m2\repository\org\jboss\slf4j\slf4j-jboss-logmanager\1.1.0.Final\slf4j-jboss-logmanager-1.1.0.Final.jar;C:\Users\narottams\.m2\repository\org\graalvm\sdk\graal-sdk\21.2.0\graal-sdk-21.2.0.jar;C:\Users\narottams\.m2\repository\org\wildfly\common\wildfly-common\1.5.4.Final-format-001\wildfly-common-1.5.4.Final-format-001.jar;C:\Users\narottams\.m2\repository\io\quarkus\quarkus-bootstrap-runner\2.2.3.Final\quarkus-bootstrap-runner-2.2.3.Final.jar;C:\Users\narottams\.m2\repository\com\thoughtworks\xstream\xstream\1.4.17\xstream-1.4.17.jar;C:\Users\narottams\.m2\repository\io\github\x-stream\mxparser\1.2.1\mxparser-1.2.1.jar;C:\Users\narottams\.m2\repository\xmlpull\xmlpull\1.1.3.1\xmlpull-1.1.3.1.jar;C:\Users\narottams\.m2\repository\io\rest-assured\rest-assured\4.4.0\rest-assured-4.4.0.jar;C:\Users\narottams\.m2\repository\org\codehaus\groovy\groovy\3.0.8\groovy-3.0.8.jar;C:\Users\narottams\.m2\repository\org\codehaus\groovy\groovy-xml\3.0.8\groovy-xml-3.0.8.jar;C:\Users\narottams\.m2\repository\org\apache\httpcomponents\httpclient\4.5.13\httpclient-4.5.13.jar;C:\Users\narottams\.m2\repository\org\apache\httpcomponents\httpcore\4.4.14\httpcore-4.4.14.jar;C:\Users\narottams\.m2\repository\commons-codec\commons-codec\1.15\commons-codec-1.15.jar;C:\Users\narottams\.m2\repository\org\apache\httpcomponents\httpmime\4.5.13\httpmime-4.5.13.jar;C:\Users\narottams\.m2\repository\org\hamcrest\hamcrest\2.1\hamcrest-2.1.jar;C:\Users\narottams\.m2\repository\org\ccil\cowan\tagsoup\tagsoup\1.2.1\tagsoup-1.2.1.jar;C:\Users\narottams\.m2\repository\io\rest-assured\json-path\4.4.0\json-path-4.4.0.jar;C:\Users\narottams\.m2\repository\org\codehaus\groovy\groovy-json\3.0.8\groovy-json-3.0.8.jar;C:\Users\narottams\.m2\repository\io\rest-assured\rest-assured-common\4.4.0\rest-assured-common-4.4.0.jar;C:\Users\narottams\.m2\repository\io\rest-assured\xml-path\4.4.0\xml-path-4.4.0.jar;C:\Users\narottams\.m2\repository\org\apache\commons\commons-lang3\3.12.0\commons-lang3-3.12.0.jar;C:\Users\narottams\.m2\repository\jakarta\xml\bind\jakarta.xml.bind-api\2.3.3\jakarta.xml.bind-api-2.3.3.jar;C:\Users\narottams\.m2\repository\com\sun\xml\bind\jaxb-impl\2.3.3\jaxb-impl-2.3.3.jar;"/>
    <property name="sun.cpu.endian" value="little"/>
    <property name="user.home" value="C:\Users\narottams"/>
    <property name="user.language" value="en"/>
    <property name="java.specification.vendor" value="Oracle Corporation"/>
    <property name="java.version.date" value="2021-07-20"/>
    <property name="java.home" value="D:\Tools\sts-4.12.0.RELEASE\plugins\org.eclipse.justj.openjdk.hotspot.jre.full.win32.x86_64_16.0.2.v20210721-1149\jre"/>
    <property name="file.separator" value="\"/>
    <property name="style.color" value="always"/>
    <property name="basedir" value="D:\Narottam\Quarkus\QuarkusApplications\quarkus-jpa-application"/>
    <property name="java.vm.compressedOopsMode" value="Zero based"/>
    <property name="line.separator" value="&#10;"/>
    <property name="java.vm.specification.vendor" value="Oracle Corporation"/>
    <property name="java.specification.name" value="Java Platform API Specification"/>
    <property name="surefire.real.class.path" value="C:\Users\narottams\AppData\Local\Temp\surefire3343605089225225705\surefirebooter11184245085369815641.jar"/>
    <property name="user.script" value=""/>
    <property name="sun.management.compiler" value="HotSpot 64-Bit Tiered Compilers"/>
    <property name="java.runtime.version" value="16.0.2+7-67"/>
    <property name="user.name" value="NAROTTAMS"/>
    <property name="path.separator" value=";"/>
    <property name="os.version" value="10.0"/>
    <property name="java.runtime.name" value="OpenJDK Runtime Environment"/>
    <property name="file.encoding" value="Cp1252"/>
    <property name="java.vm.name" value="OpenJDK 64-Bit Server VM"/>
    <property name="localRepository" value="C:\Users\narottams\.m2\repository"/>
    <property name="java.vendor.url.bug" value="https://bugreport.java.com/bugreport/"/>
    <property name="java.io.tmpdir" value="C:\Users\NAROTT~1\AppData\Local\Temp\"/>
    <property name="quarkus.log.file.path" value="target\quarkus.log"/>
    <property name="java.version" value="16.0.2"/>
    <property name="user.dir" value="D:\Narottam\Quarkus\QuarkusApplications\quarkus-jpa-application"/>
    <property name="os.arch" value="amd64"/>
    <property name="java.vm.specification.name" value="Java Virtual Machine Specification"/>
    <property name="sun.os.patch.level" value=""/>
    <property name="java.util.logging.manager" value="org.jboss.logmanager.LogManager"/>
    <property name="java.library.path" value="D:\Tools\sts-4.12.0.RELEASE\plugins\org.eclipse.justj.openjdk.hotspot.jre.full.win32.x86_64_16.0.2.v20210721-1149\jre\bin;C:\WINDOWS\Sun\Java\bin;C:\WINDOWS\system32;C:\WINDOWS;D:/Tools/sts-4.12.0.RELEASE//plugins/org.eclipse.justj.openjdk.hotspot.jre.full.win32.x86_64_16.0.2.v20210721-1149/jre/bin/server;D:/Tools/sts-4.12.0.RELEASE//plugins/org.eclipse.justj.openjdk.hotspot.jre.full.win32.x86_64_16.0.2.v20210721-1149/jre/bin;C:\WINDOWS\system32;C:\WINDOWS;C:\WINDOWS\System32\Wbem;C:\WINDOWS\System32\WindowsPowerShell\v1.0\;C:\WINDOWS\System32\OpenSSH\;C:\WINDOWS\CCM;C:\WINDOWS\CCM;C:\WINDOWS\CCM;C:\WINDOWS\CCM;C:\WINDOWS\CCM;C:\WINDOWS\CCM;C:\WINDOWS\CCM;C:\Program Files\Docker\Docker\resources\bin;C:\ProgramData\DockerDesktop\version-bin;C:\ProgramData\chocolatey\bin;D:\Tools\jdk-11.0.12_windows-x64_bin\jdk-11.0.12\bin;C:\Program Files (x86)\Microsoft SQL Server\150\DTS\Binn\;C:\Program Files\Azure Data Studio\bin;C:\Program Files\Microsoft SQL Server\Client SDK\ODBC\170\Tools\Binn\;C:\Program Files (x86)\Microsoft SQL Server\150\Tools\Binn\;C:\Program Files\Microsoft SQL Server\150\Tools\Binn\;C:\Program Files\Microsoft SQL Server\150\DTS\Binn\;D:\Tools\apache-maven-3.8.2-bin\apache-maven-3.8.2\bin;C:\Program Files\Git\cmd;C:\Program Files\nodejs\;C:\Users\narottams\AppData\Local\Microsoft\WindowsApps;C:\Users\narottams\AppData\Roaming\npm;C:\Users\narottams\AppData\Local\Programs\Microsoft VS Code\bin;D:\Tools\sts-4.12.0.RELEASE;;."/>
    <property name="java.vm.info" value="mixed mode"/>
    <property name="java.vendor" value="Oracle Corporation"/>
    <property name="vertx.disableTCCL" value="true"/>
    <property name="java.vm.version" value="16.0.2+7-67"/>
    <property name="sun.io.unicode.encoding" value="UnicodeLittle"/>
    <property name="java.class.version" value="60.0"/>
  </properties>
  <testcase name="testListAllFruits" classname="org.acme.spring.data.jpa.EmployeeResourceTest" time="0.033">
    <error type="java.lang.RuntimeException"><![CDATA[java.lang.RuntimeException: 
java.lang.RuntimeException: io.quarkus.builder.BuildException: Build failure: Build failed due to errors
	[error]: Build step io.quarkus.hibernate.orm.deployment.HibernateOrmProcessor#configurationDescriptorBuilding threw an exception: io.quarkus.runtime.configuration.ConfigurationException: Model classes are defined for the default persistence unit, but no default datasource was found. The default EntityManagerFactory will not be created. To solve this, configure the default datasource. Refer to https://quarkus.io/guides/datasource for guidance.
	at io.quarkus.hibernate.orm.deployment.HibernateOrmProcessor.handleHibernateORMWithNoPersistenceXml(HibernateOrmProcessor.java:794)
	at io.quarkus.hibernate.orm.deployment.HibernateOrmProcessor.configurationDescriptorBuilding(HibernateOrmProcessor.java:291)
	at java.base/jdk.internal.reflect.NativeMethodAccessorImpl.invoke0(Native Method)
	at java.base/jdk.internal.reflect.NativeMethodAccessorImpl.invoke(NativeMethodAccessorImpl.java:78)
	at java.base/jdk.internal.reflect.DelegatingMethodAccessorImpl.invoke(DelegatingMethodAccessorImpl.java:43)
	at java.base/java.lang.reflect.Method.invoke(Method.java:567)
	at io.quarkus.deployment.ExtensionLoader$2.execute(ExtensionLoader.java:820)
	at io.quarkus.builder.BuildContext.run(BuildContext.java:277)
	at org.jboss.threads.ContextHandler$1.runWith(ContextHandler.java:18)
	at org.jboss.threads.EnhancedQueueExecutor$Task.run(EnhancedQueueExecutor.java:2449)
	at org.jboss.threads.EnhancedQueueExecutor$ThreadBody.run(EnhancedQueueExecutor.java:1478)
	at java.base/java.lang.Thread.run(Thread.java:831)
	at org.jboss.threads.JBossThread.run(JBossThread.java:501)

Caused by: java.lang.RuntimeException: 
io.quarkus.builder.BuildException: Build failure: Build failed due to errors
	[error]: Build step io.quarkus.hibernate.orm.deployment.HibernateOrmProcessor#configurationDescriptorBuilding threw an exception: io.quarkus.runtime.configuration.ConfigurationException: Model classes are defined for the default persistence unit, but no default datasource was found. The default EntityManagerFactory will not be created. To solve this, configure the default datasource. Refer to https://quarkus.io/guides/datasource for guidance.
	at io.quarkus.hibernate.orm.deployment.HibernateOrmProcessor.handleHibernateORMWithNoPersistenceXml(HibernateOrmProcessor.java:794)
	at io.quarkus.hibernate.orm.deployment.HibernateOrmProcessor.configurationDescriptorBuilding(HibernateOrmProcessor.java:291)
	at java.base/jdk.internal.reflect.NativeMethodAccessorImpl.invoke0(Native Method)
	at java.base/jdk.internal.reflect.NativeMethodAccessorImpl.invoke(NativeMethodAccessorImpl.java:78)
	at java.base/jdk.internal.reflect.DelegatingMethodAccessorImpl.invoke(DelegatingMethodAccessorImpl.java:43)
	at java.base/java.lang.reflect.Method.invoke(Method.java:567)
	at io.quarkus.deployment.ExtensionLoader$2.execute(ExtensionLoader.java:820)
	at io.quarkus.builder.BuildContext.run(BuildContext.java:277)
	at org.jboss.threads.ContextHandler$1.runWith(ContextHandler.java:18)
	at org.jboss.threads.EnhancedQueueExecutor$Task.run(EnhancedQueueExecutor.java:2449)
	at org.jboss.threads.EnhancedQueueExecutor$ThreadBody.run(EnhancedQueueExecutor.java:1478)
	at java.base/java.lang.Thread.run(Thread.java:831)
	at org.jboss.threads.JBossThread.run(JBossThread.java:501)

Caused by: io.quarkus.builder.BuildException: 
Build failure: Build failed due to errors
	[error]: Build step io.quarkus.hibernate.orm.deployment.HibernateOrmProcessor#configurationDescriptorBuilding threw an exception: io.quarkus.runtime.configuration.ConfigurationException: Model classes are defined for the default persistence unit, but no default datasource was found. The default EntityManagerFactory will not be created. To solve this, configure the default datasource. Refer to https://quarkus.io/guides/datasource for guidance.
	at io.quarkus.hibernate.orm.deployment.HibernateOrmProcessor.handleHibernateORMWithNoPersistenceXml(HibernateOrmProcessor.java:794)
	at io.quarkus.hibernate.orm.deployment.HibernateOrmProcessor.configurationDescriptorBuilding(HibernateOrmProcessor.java:291)
	at java.base/jdk.internal.reflect.NativeMethodAccessorImpl.invoke0(Native Method)
	at java.base/jdk.internal.reflect.NativeMethodAccessorImpl.invoke(NativeMethodAccessorImpl.java:78)
	at java.base/jdk.internal.reflect.DelegatingMethodAccessorImpl.invoke(DelegatingMethodAccessorImpl.java:43)
	at java.base/java.lang.reflect.Method.invoke(Method.java:567)
	at io.quarkus.deployment.ExtensionLoader$2.execute(ExtensionLoader.java:820)
	at io.quarkus.builder.BuildContext.run(BuildContext.java:277)
	at org.jboss.threads.ContextHandler$1.runWith(ContextHandler.java:18)
	at org.jboss.threads.EnhancedQueueExecutor$Task.run(EnhancedQueueExecutor.java:2449)
	at org.jboss.threads.EnhancedQueueExecutor$ThreadBody.run(EnhancedQueueExecutor.java:1478)
	at java.base/java.lang.Thread.run(Thread.java:831)
	at org.jboss.threads.JBossThread.run(JBossThread.java:501)

Caused by: io.quarkus.runtime.configuration.ConfigurationException: Model classes are defined for the default persistence unit, but no default datasource was found. The default EntityManagerFactory will not be created. To solve this, configure the default datasource. Refer to https://quarkus.io/guides/datasource for guidance.
]]></error>
    <system-out><![CDATA[Downloading from central: https://repo.maven.apache.org/maven2/io/quarkus/quarkus-jdbc-h2-deployment/2.3.0.Final/quarkus-jdbc-h2-deployment-2.3.0.Final.pom
Progress (1): quarkus-jdbc-h2-deployment-2.3.0.Final.pom (1.9 kB)                                                                 Downloaded from central: https://repo.maven.apache.org/maven2/io/quarkus/quarkus-jdbc-h2-deployment/2.3.0.Final/quarkus-jdbc-h2-deployment-2.3.0.Final.pom (1.9 kB at 805 B/s)
Downloading from central: https://repo.maven.apache.org/maven2/org/jsoup/jsoup/1.14.2/jsoup-1.14.2.pom
Progress (1): jsoup-1.14.2.pom (2.7/12 kB)Progress (1): jsoup-1.14.2.pom (5.5/12 kB)Progress (1): jsoup-1.14.2.pom (8.2/12 kB)Progress (1): jsoup-1.14.2.pom (11/12 kB) Progress (1): jsoup-1.14.2.pom (12 kB)                                         Downloaded from central: https://repo.maven.apache.org/maven2/org/jsoup/jsoup/1.14.2/jsoup-1.14.2.pom (12 kB at 14 kB/s)
Downloading from central: https://repo.maven.apache.org/maven2/io/quarkus/quarkus-devtools-utilities/2.3.0.Final/quarkus-devtools-utilities-2.3.0.Final.pom
Progress (1): quarkus-devtools-utilities-2.3.0.Final.pom (583 B)                                                                Downloaded from central: https://repo.maven.apache.org/maven2/io/quarkus/quarkus-devtools-utilities/2.3.0.Final/quarkus-devtools-utilities-2.3.0.Final.pom (583 B at 796 B/s)
Downloading from central: https://repo.maven.apache.org/maven2/io/quarkus/quarkus-tools-parent/2.3.0.Final/quarkus-tools-parent-2.3.0.Final.pom
Progress (1): quarkus-tools-parent-2.3.0.Final.pom (2.7/27 kB)Progress (1): quarkus-tools-parent-2.3.0.Final.pom (5.5/27 kB)Progress (1): quarkus-tools-parent-2.3.0.Final.pom (8.2/27 kB)Progress (1): quarkus-tools-parent-2.3.0.Final.pom (11/27 kB) Progress (1): quarkus-tools-parent-2.3.0.Final.pom (14/27 kB)Progress (1): quarkus-tools-parent-2.3.0.Final.pom (16/27 kB)Progress (1): quarkus-tools-parent-2.3.0.Final.pom (19/27 kB)Progress (1): quarkus-tools-parent-2.3.0.Final.pom (22/27 kB)Progress (1): quarkus-tools-parent-2.3.0.Final.pom (25/27 kB)Progress (1): quarkus-tools-parent-2.3.0.Final.pom (27 kB)                                                             Downloaded from central: https://repo.maven.apache.org/maven2/io/quarkus/quarkus-tools-parent/2.3.0.Final/quarkus-tools-parent-2.3.0.Final.pom (27 kB at 34 kB/s)
Downloading from central: https://repo.maven.apache.org/maven2/com/fasterxml/jackson/jackson-bom/2.12.5/jackson-bom-2.12.5.pom
Progress (1): jackson-bom-2.12.5.pom (2.7/17 kB)Progress (1): jackson-bom-2.12.5.pom (5.5/17 kB)Progress (1): jackson-bom-2.12.5.pom (8.2/17 kB)Progress (1): jackson-bom-2.12.5.pom (11/17 kB) Progress (1): jackson-bom-2.12.5.pom (14/17 kB)Progress (1): jackson-bom-2.12.5.pom (16/17 kB)Progress (1): jackson-bom-2.12.5.pom (17 kB)                                               Downloaded from central: https://repo.maven.apache.org/maven2/com/fasterxml/jackson/jackson-bom/2.12.5/jackson-bom-2.12.5.pom (17 kB at 19 kB/s)
Downloading from central: https://repo.maven.apache.org/maven2/io/quarkus/quarkus-devservices-h2/2.2.3.Final/quarkus-devservices-h2-2.2.3.Final.pom
Progress (1): quarkus-devservices-h2-2.2.3.Final.pom (1.9 kB)                                                             Downloaded from central: https://repo.maven.apache.org/maven2/io/quarkus/quarkus-devservices-h2/2.2.3.Final/quarkus-devservices-h2-2.2.3.Final.pom (1.9 kB at 2.1 kB/s)
Downloading from central: https://repo.maven.apache.org/maven2/io/quarkus/quarkus-devservices-h2/2.2.3.Final/quarkus-devservices-h2-2.2.3.Final.jar
Downloading from central: https://repo.maven.apache.org/maven2/io/quarkus/quarkus-jdbc-h2-deployment/2.3.0.Final/quarkus-jdbc-h2-deployment-2.3.0.Final.jar
Progress (1): quarkus-devservices-h2-2.2.3.Final.jar (4.1/8.0 kB)Progress (1): quarkus-devservices-h2-2.2.3.Final.jar (8.0 kB)                                                                 Downloaded from central: https://repo.maven.apache.org/maven2/io/quarkus/quarkus-devservices-h2/2.2.3.Final/quarkus-devservices-h2-2.2.3.Final.jar (8.0 kB at 10 kB/s)
Progress (1): quarkus-jdbc-h2-deployment-2.3.0.Final.jar (2.7/5.5 kB)Progress (1): quarkus-jdbc-h2-deployment-2.3.0.Final.jar (5.5/5.5 kB)Progress (1): quarkus-jdbc-h2-deployment-2.3.0.Final.jar (5.5 kB)                                                                     Downloaded from central: https://repo.maven.apache.org/maven2/io/quarkus/quarkus-jdbc-h2-deployment/2.3.0.Final/quarkus-jdbc-h2-deployment-2.3.0.Final.jar (5.5 kB at 4.2 kB/s)
2021-10-01 16:43:57,651 WARN  [io.qua.dat.dep.dev.DevServicesDatasourceProcessor] (build-41) Unable to determine a database type for default datasource
]]></system-out>
  </testcase>
</testsuite>